Build started 25-Jan-13 6:51:49 PM.
     1>Project "D:\Documente\Scoala\Anul IV\Sisteme de Prelucrare Grafica [SPG]\Proiect\OlympusMons\OlympusMons\OlympusMons.vcxproj" on node 2 (build target(s)).
     1>InitializeBuildStatus:
         Creating "Debug\OlympusMons.unsuccessfulbuild" because "AlwaysCreate" was specified.
       ClCompile:
         C:\Utile\Programare\Microsoft Visual Studio 2010\VC\bin\CL.exe /c /ZI /nologo /W3 /WX- /Od /Oy- /D WIN32 /D _DEBUG /D _CONSOLE /D _UNICODE /D UNICODE /Gm /EHsc /RTC1 /MDd /GS /fp:precise /Zc:wchar_t /Zc:forScope /Fo"Debug\\" /Fd"Debug\vc100.pdb" /Gd /TP /analyze- /errorReport:prompt main.cpp
         main.cpp
       ManifestResourceCompile:
         All outputs are up-to-date.
       Link:
         C:\Utile\Programare\Microsoft Visual Studio 2010\VC\bin\link.exe /ERRORREPORT:PROMPT /OUT:"D:\Documente\Scoala\Anul IV\Sisteme de Prelucrare Grafica [SPG]\Proiect\OlympusMons\Debug\OlympusMons.exe" /INCREMENTAL /NOLOGO glut32.lib glew32.lib kernel32.lib user32.lib gdi32.lib winspool.lib comdlg32.lib advapi32.lib shell32.lib ole32.lib oleaut32.lib uuid.lib odbc32.lib odbccp32.lib /MANIFEST /ManifestFile:"Debug\OlympusMons.exe.intermediate.manifest" /MANIFESTUAC:"level='asInvoker' uiAccess='false'" /DEBUG /PDB:"D:\Documente\Scoala\Anul IV\Sisteme de Prelucrare Grafica [SPG]\Proiect\OlympusMons\Debug\OlympusMons.pdb" /SUBSYSTEM:CONSOLE /TLBID:1 /DYNAMICBASE /NXCOMPAT /IMPLIB:"D:\Documente\Scoala\Anul IV\Sisteme de Prelucrare Grafica [SPG]\Proiect\OlympusMons\Debug\OlympusMons.lib" /MACHINE:X86 Debug\OlympusMons.exe.embed.manifest.res
         Debug\main.obj
         Debug\Mesh.obj
         Debug\terrain.obj
         Debug\tga.obj
         Debug\Vector3D.obj
         Debug\Viewer.obj
       Manifest:
         C:\Program Files (x86)\Microsoft SDKs\Windows\v7.0A\bin\mt.exe /nologo /verbose /out:"Debug\OlympusMons.exe.embed.manifest" /manifest Debug\OlympusMons.exe.intermediate.manifest
         All outputs are up-to-date.
       LinkEmbedManifest:
         All outputs are up-to-date.
         OlympusMons.vcxproj -> D:\Documente\Scoala\Anul IV\Sisteme de Prelucrare Grafica [SPG]\Proiect\OlympusMons\Debug\OlympusMons.exe
       FinalizeBuildStatus:
         Deleting file "Debug\OlympusMons.unsuccessfulbuild".
         Touching "Debug\OlympusMons.lastbuildstate".
     1>Done Building Project "D:\Documente\Scoala\Anul IV\Sisteme de Prelucrare Grafica [SPG]\Proiect\OlympusMons\OlympusMons\OlympusMons.vcxproj" (build target(s)).

Build succeeded.

Time Elapsed 00:00:00.97
